<?xml version="1.0" encoding="UTF-8"?>
<!-- Generated by org.testng.reporters.JUnitReportReporter -->
<testsuite hostname="Satyaboy95" failures="0" tests="2" name="learning.tests.LoginAppTest" time="121.263" errors="0" timestamp="2024-12-12T19:58:50 IST" skipped="0">
  <testcase classname="learning.tests.LoginAppTest" name="LogInToApplication" time="49.319"/>
  <testcase classname="learning.tests.LoginAppTest" name="addFriendToCampaign" time="71.944"/>
</testsuite> <!-- learning.tests.LoginAppTest -->
