<?xml version="1.0" encoding="UTF-8"?>
<!-- Generated by org.testng.reporters.JUnitReportReporter -->
<testsuite hostname="Satyaboy95" failures="0" tests="3" name="learning.tests.LoginAppTest" time="33.890" errors="0" timestamp="2024-12-05T10:45:32 IST" skipped="0">
  <testcase classname="learning.tests.LoginAppTest" name="LogInToApplication" time="12.041"/>
  <testcase classname="learning.tests.LoginAppTest" name="LogInToApplication" time="10.920"/>
  <testcase classname="learning.tests.LoginAppTest" name="LogInToApplication" time="10.929"/>
</testsuite> <!-- learning.tests.LoginAppTest -->
