<?xml version="1.0" encoding="UTF-8"?>
<!-- Generated by org.testng.reporters.JUnitReportReporter -->
<testsuite hostname="Satyaboy95" failures="0" tests="1" name="learning.tests.LoginAppTest" time="122.201" errors="0" timestamp="2024-12-12T15:03:59 IST" skipped="0">
  <testcase classname="learning.tests.LoginAppTest" name="LogInToApplication" time="122.201"/>
</testsuite> <!-- learning.tests.LoginAppTest -->
